GET /read 200 709 - 101.825 ms
GET /read 304 - - 5.563 ms
GET /read3 200 2 - 44.512 ms
GET /read3 304 - - 7.834 ms
GET /read5 200 2 - 44.153 ms
GET /read5 304 - - 8.383 ms
GET /read4 200 2 - 52.631 ms
GET /read4 304 - - 6.386 ms
GET /read6 200 2 - 19.053 ms
GET /read6 304 - - 9.970 ms
GET /read 304 - - 11.628 ms
GET /read 304 - - 14.059 ms
GET /read6 304 - - 5.195 ms
GET /read6 304 - - 4.519 ms
GET /read7 200 2 - 11.001 ms
GET /read7 304 - - 4.351 ms
GET /read4 304 - - 4.975 ms
GET /read4 304 - - 4.210 ms
GET /read5 304 - - 6.837 ms
GET /read5 304 - - 3.137 ms
GET /read3 304 - - 5.497 ms
GET /read3 304 - - 3.779 ms
GET /read5 304 - - 4.543 ms
GET /read5 304 - - 3.350 ms
GET /read4 304 - - 5.444 ms
GET /read4 304 - - 3.907 ms
GET /read7 304 - - 5.802 ms
GET /read7 304 - - 4.304 ms
GET /read7 304 - - 4.354 ms
GET /read7 304 - - 5.341 ms
GET /read 304 - - 4.822 ms
GET /read 304 - - 4.796 ms
GET /read 304 - - 4.747 ms
GET /read 304 - - 5.083 ms
GET /read 304 - - 4.504 ms
GET /read 304 - - 3.673 ms
POST /read 200 15 - 406.644 ms
GET /read 200 934 - 5.285 ms
GET /read 304 - - 4.334 ms
GET /read 304 - - 5.178 ms
GET /read 304 - - 4.180 ms
GET /read 304 - - 4.798 ms
GET /read 304 - - 4.399 ms
GET /read 304 - - 3.633 ms
GET /read 304 - - 3.831 ms
GET /read 304 - - 4.780 ms
GET /favicon.ico 404 150 - 4.935 ms
GET /read4 304 - - 3.530 ms
GET /read4 304 - - 3.109 ms
GET /read 304 - - 5.458 ms
GET /read 304 - - 4.273 ms
GET /read4 304 - - 26.948 ms
GET /read4 304 - - 6.934 ms
GET /read 200 892 - 18.135 ms
GET /read 304 - - 7.864 ms
GET /read 304 - - 39.262 ms
GET /read 304 - - 8.817 ms
GET /read 200 934 - 36.252 ms
GET /read 200 46 - 26.055 ms
GET /read 200 934 - 49.812 ms
GET /read 304 - - 10.336 ms
GET /read 304 - - 7.729 ms
GET /read 304 - - 9.059 ms
POST /read 200 15 - 211.405 ms
GET /read 200 1154 - 9.406 ms
GET /read 304 - - 5.933 ms
GET /read 304 - - 8.101 ms
GET /read 304 - - 5.318 ms
GET /read 304 - - 6.514 ms
GET /read 304 - - 5.855 ms
GET /read 200 1112 - 21.439 ms
GET /read 304 - - 5.187 ms
GET /read 200 1154 - 37.279 ms
GET /read 304 - - 8.052 ms
GET /read 200 1112 - 36.678 ms
GET /read 304 - - 8.185 ms
